[05-Jun-2018 07:08:00 UTC] PHP Fatal error:  Uncaught Error: Call to undefined function insset() in E:\PHP\jisuan\js_suan.php:5
Stack trace:
#0 {main}
  thrown in E:\PHP\jisuan\js_suan.php on line 5
[05-Jun-2018 07:08:29 UTC] PHP Fatal error:  Uncaught Error: Call to undefined function insset() in E:\PHP\jisuan\js_suan.php:5
Stack trace:
#0 {main}
  thrown in E:\PHP\jisuan\js_suan.php on line 5
[05-Jun-2018 07:08:35 UTC] PHP Fatal error:  Uncaught Error: Call to undefined function insset() in E:\PHP\jisuan\js_suan.php:5
Stack trace:
#0 {main}
  thrown in E:\PHP\jisuan\js_suan.php on line 5
[05-Jun-2018 07:08:53 UTC] PHP Fatal error:  Uncaught Error: Call to undefined function insset() in E:\PHP\jisuan\js_suan.php:5
Stack trace:
#0 {main}
  thrown in E:\PHP\jisuan\js_suan.php on line 5
[05-Jun-2018 07:08:54 UTC] PHP Fatal error:  Uncaught Error: Call to undefined function insset() in E:\PHP\jisuan\js_suan.php:5
Stack trace:
#0 {main}
  thrown in E:\PHP\jisuan\js_suan.php on line 5
[05-Jun-2018 07:08:54 UTC] PHP Fatal error:  Uncaught Error: Call to undefined function insset() in E:\PHP\jisuan\js_suan.php:5
Stack trace:
#0 {main}
  thrown in E:\PHP\jisuan\js_suan.php on line 5
[05-Jun-2018 07:08:55 UTC] PHP Fatal error:  Uncaught Error: Call to undefined function insset() in E:\PHP\jisuan\js_suan.php:5
Stack trace:
#0 {main}
  thrown in E:\PHP\jisuan\js_suan.php on line 5
[05-Jun-2018 07:09:00 UTC] PHP Fatal error:  Uncaught Error: Call to undefined function insset() in E:\PHP\jisuan\js_suan.php:5
Stack trace:
#0 {main}
  thrown in E:\PHP\jisuan\js_suan.php on line 5
[05-Jun-2018 07:09:14 UTC] PHP Fatal error:  Uncaught Error: Call to undefined function insset() in E:\PHP\jisuan\js_suan.php:5
Stack trace:
#0 {main}
  thrown in E:\PHP\jisuan\js_suan.php on line 5
[05-Jun-2018 07:10:10 UTC] PHP Fatal error:  Uncaught Error: Call to undefined function insset() in E:\PHP\jisuan\js_suan.php:5
Stack trace:
#0 {main}
  thrown in E:\PHP\jisuan\js_suan.php on line 5
[05-Jun-2018 07:10:10 UTC] PHP Fatal error:  Uncaught Error: Call to undefined function insset() in E:\PHP\jisuan\js_suan.php:5
Stack trace:
#0 {main}
  thrown in E:\PHP\jisuan\js_suan.php on line 5
[05-Jun-2018 07:10:11 UTC] PHP Fatal error:  Uncaught Error: Call to undefined function insset() in E:\PHP\jisuan\js_suan.php:5
Stack trace:
#0 {main}
  thrown in E:\PHP\jisuan\js_suan.php on line 5
[05-Jun-2018 07:10:11 UTC] PHP Fatal error:  Uncaught Error: Call to undefined function insset() in E:\PHP\jisuan\js_suan.php:5
Stack trace:
#0 {main}
  thrown in E:\PHP\jisuan\js_suan.php on line 5
[05-Jun-2018 07:10:11 UTC] PHP Fatal error:  Uncaught Error: Call to undefined function insset() in E:\PHP\jisuan\js_suan.php:5
Stack trace:
#0 {main}
  thrown in E:\PHP\jisuan\js_suan.php on line 5
[05-Jun-2018 07:10:35 UTC] PHP Fatal error:  Uncaught Error: Call to undefined function insset() in E:\PHP\jisuan\js_suan.php:5
Stack trace:
#0 {main}
  thrown in E:\PHP\jisuan\js_suan.php on line 5
[05-Jun-2018 07:10:35 UTC] PHP Fatal error:  Uncaught Error: Call to undefined function insset() in E:\PHP\jisuan\js_suan.php:5
Stack trace:
#0 {main}
  thrown in E:\PHP\jisuan\js_suan.php on line 5
[05-Jun-2018 07:10:35 UTC] PHP Fatal error:  Uncaught Error: Call to undefined function insset() in E:\PHP\jisuan\js_suan.php:5
Stack trace:
#0 {main}
  thrown in E:\PHP\jisuan\js_suan.php on line 5
[05-Jun-2018 07:10:35 UTC] PHP Fatal error:  Uncaught Error: Call to undefined function insset() in E:\PHP\jisuan\js_suan.php:5
Stack trace:
#0 {main}
  thrown in E:\PHP\jisuan\js_suan.php on line 5
[05-Jun-2018 07:10:35 UTC] PHP Fatal error:  Uncaught Error: Call to undefined function insset() in E:\PHP\jisuan\js_suan.php:5
Stack trace:
#0 {main}
  thrown in E:\PHP\jisuan\js_suan.php on line 5
[05-Jun-2018 07:10:42 UTC] PHP Fatal error:  Uncaught Error: Call to undefined function insset() in E:\PHP\jisuan\js_suan.php:5
Stack trace:
#0 {main}
  thrown in E:\PHP\jisuan\js_suan.php on line 5
[05-Jun-2018 07:10:42 UTC] PHP Fatal error:  Uncaught Error: Call to undefined function insset() in E:\PHP\jisuan\js_suan.php:5
Stack trace:
#0 {main}
  thrown in E:\PHP\jisuan\js_suan.php on line 5
[05-Jun-2018 07:10:42 UTC] PHP Fatal error:  Uncaught Error: Call to undefined function insset() in E:\PHP\jisuan\js_suan.php:5
Stack trace:
#0 {main}
  thrown in E:\PHP\jisuan\js_suan.php on line 5
[05-Jun-2018 07:10:46 UTC] PHP Fatal error:  Uncaught Error: Call to undefined function insset() in E:\PHP\jisuan\js_suan.php:5
Stack trace:
#0 {main}
  thrown in E:\PHP\jisuan\js_suan.php on line 5
[05-Jun-2018 07:10:46 UTC] PHP Fatal error:  Uncaught Error: Call to undefined function insset() in E:\PHP\jisuan\js_suan.php:5
Stack trace:
#0 {main}
  thrown in E:\PHP\jisuan\js_suan.php on line 5
[05-Jun-2018 07:10:46 UTC] PHP Fatal error:  Uncaught Error: Call to undefined function insset() in E:\PHP\jisuan\js_suan.php:5
Stack trace:
#0 {main}
  thrown in E:\PHP\jisuan\js_suan.php on line 5
[05-Jun-2018 07:10:46 UTC] PHP Fatal error:  Uncaught Error: Call to undefined function insset() in E:\PHP\jisuan\js_suan.php:5
Stack trace:
#0 {main}
  thrown in E:\PHP\jisuan\js_suan.php on line 5
[05-Jun-2018 07:10:46 UTC] PHP Fatal error:  Uncaught Error: Call to undefined function insset() in E:\PHP\jisuan\js_suan.php:5
Stack trace:
#0 {main}
  thrown in E:\PHP\jisuan\js_suan.php on line 5
[05-Jun-2018 07:10:46 UTC] PHP Fatal error:  Uncaught Error: Call to undefined function insset() in E:\PHP\jisuan\js_suan.php:5
Stack trace:
#0 {main}
  thrown in E:\PHP\jisuan\js_suan.php on line 5
[05-Jun-2018 07:10:46 UTC] PHP Fatal error:  Uncaught Error: Call to undefined function insset() in E:\PHP\jisuan\js_suan.php:5
Stack trace:
#0 {main}
  thrown in E:\PHP\jisuan\js_suan.php on line 5
[05-Jun-2018 07:10:46 UTC] PHP Fatal error:  Uncaught Error: Call to undefined function insset() in E:\PHP\jisuan\js_suan.php:5
Stack trace:
#0 {main}
  thrown in E:\PHP\jisuan\js_suan.php on line 5
[05-Jun-2018 07:11:04 UTC] PHP Fatal error:  Uncaught Error: Call to undefined function insset() in E:\PHP\jisuan\js_suan.php:5
Stack trace:
#0 {main}
  thrown in E:\PHP\jisuan\js_suan.php on line 5
[05-Jun-2018 07:12:00 UTC] PHP Fatal error:  Uncaught Error: Call to undefined function insset() in E:\PHP\jisuan\js_suan.php:5
Stack trace:
#0 {main}
  thrown in E:\PHP\jisuan\js_suan.php on line 5
[05-Jun-2018 07:13:06 UTC] PHP Fatal error:  Uncaught Error: Call to undefined function insset() in E:\PHP\jisuan\js_suan.php:5
Stack trace:
#0 {main}
  thrown in E:\PHP\jisuan\js_suan.php on line 5
[05-Jun-2018 07:14:23 UTC] PHP Fatal error:  Uncaught Error: Call to undefined function insset() in E:\PHP\jisuan\js_suan.php:5
Stack trace:
#0 {main}
  thrown in E:\PHP\jisuan\js_suan.php on line 5
[05-Jun-2018 07:14:23 UTC] PHP Fatal error:  Uncaught Error: Call to undefined function insset() in E:\PHP\jisuan\js_suan.php:5
Stack trace:
#0 {main}
  thrown in E:\PHP\jisuan\js_suan.php on line 5
[05-Jun-2018 07:14:23 UTC] PHP Fatal error:  Uncaught Error: Call to undefined function insset() in E:\PHP\jisuan\js_suan.php:5
Stack trace:
#0 {main}
  thrown in E:\PHP\jisuan\js_suan.php on line 5
[05-Jun-2018 07:14:40 UTC] PHP Fatal error:  Uncaught Error: Call to undefined function insset() in E:\PHP\jisuan\js_suan.php:5
Stack trace:
#0 {main}
  thrown in E:\PHP\jisuan\js_suan.php on line 5
[05-Jun-2018 07:20:28 UTC] PHP Parse error:  syntax error, unexpected ')', expecting ',' or ';' in E:\PHP\jisuan\js_suan.php on line 9
[05-Jun-2018 07:21:58 UTC] PHP Fatal error:  Uncaught Error: Call to undefined function response() in E:\PHP\jisuan\js_suan.php:17
Stack trace:
#0 E:\PHP\jisuan\js_suan.php(8): responseToJson(1, '\xE8\xAF\xB7\xE5\xA1\xAB\xE5\x86\x99\xE6\x96\x87\xE5\x8C\x96...')
#1 {main}
  thrown in E:\PHP\jisuan\js_suan.php on line 17
[05-Jun-2018 07:22:04 UTC] PHP Fatal error:  Uncaught Error: Call to undefined function response() in E:\PHP\jisuan\js_suan.php:17
Stack trace:
#0 E:\PHP\jisuan\js_suan.php(8): responseToJson(1, '\xE8\xAF\xB7\xE5\xA1\xAB\xE5\x86\x99\xE6\x96\x87\xE5\x8C\x96...')
#1 {main}
  thrown in E:\PHP\jisuan\js_suan.php on line 17
[05-Jun-2018 07:22:14 UTC] PHP Warning:  bcdiv(): Division by zero in E:\PHP\jisuan\js_suan.php on line 9
[05-Jun-2018 07:22:14 UTC] PHP Warning:  bcdiv(): Division by zero in E:\PHP\jisuan\js_suan.php on line 9
[05-Jun-2018 07:22:14 UTC] PHP Warning:  bcdiv(): Division by zero in E:\PHP\jisuan\js_suan.php on line 9
[05-Jun-2018 07:22:14 UTC] PHP Warning:  bcdiv(): Division by zero in E:\PHP\jisuan\js_suan.php on line 9
[05-Jun-2018 07:22:14 UTC] PHP Warning:  bcdiv(): Division by zero in E:\PHP\jisuan\js_suan.php on line 9
[05-Jun-2018 07:22:14 UTC] PHP Warning:  bcdiv(): Division by zero in E:\PHP\jisuan\js_suan.php on line 9
[05-Jun-2018 07:22:20 UTC] PHP Warning:  bcdiv(): Division by zero in E:\PHP\jisuan\js_suan.php on line 9
[05-Jun-2018 07:22:20 UTC] PHP Warning:  bcdiv(): Division by zero in E:\PHP\jisuan\js_suan.php on line 9
[05-Jun-2018 07:22:20 UTC] PHP Warning:  bcdiv(): Division by zero in E:\PHP\jisuan\js_suan.php on line 9
[05-Jun-2018 07:22:20 UTC] PHP Warning:  bcdiv(): Division by zero in E:\PHP\jisuan\js_suan.php on line 9
[05-Jun-2018 07:34:32 UTC] PHP Fatal error:  Uncaught Error: Call to undefined function response() in E:\PHP\jisuan\js_suan.php:17
Stack trace:
#0 E:\PHP\jisuan\js_suan.php(11): responseToJson(0, '', 45.3)
#1 {main}
  thrown in E:\PHP\jisuan\js_suan.php on line 17
